
                            < M A T L A B (R) >
                  Copyright 1984-2016 The MathWorks, Inc.
                   R2016b (9.1.0.441655) 64-bit (glnxa64)
                             September 7, 2016

 
For online documentation, see http://www.mathworks.com/support
For product information, visit www.mathworks.com.
 
Training: epoch 01
Epoch 1 of 500, Batch 1 of 10 

 layer conv3:max response is 4.159668, min response is 0.000000.
max gradient is 6.208734, min gradient is -0.004675, learning rate is 0.000500

 layer conv2:max response is 20.792351, min response is 0.000000.
max gradient is 0.009532, min gradient is -0.010031, learning rate is 0.000500

 layer conv1:max response is 42.207027, min response is 0.000000.
max gradient is 0.002814, min gradient is -0.003318, learning rate is 0.000500
Net2: layer convt3:max response is 0.000617, min response is -0.000787.
max gradient is 0.190124, min gradient is -0.545796, learning rate is 0.003000
Net2: layer convt2:max response is 0.009713, min response is -0.002234.
max gradient is 0.041166, min gradient is -0.035476, learning rate is 0.003000
Net2: layer convt1:max response is 0.098626, min response is -0.020673.
max gradient is 0.057432, min gradient is -0.055202, learning rate is 0.003000
max inferred z is 3.45, min inferred z is -3.09, and std is 1.02
    2.4920

 
Epoch 1 of 500, Batch 2 of 10 

 layer conv3:max response is 14.488471, min response is 4.443877.
max gradient is 7.871990, min gradient is -0.004255, learning rate is 0.000500

 layer conv2:max response is 20.516935, min response is 0.000000.
max gradient is 0.016148, min gradient is -0.010239, learning rate is 0.000500

 layer conv1:max response is 48.670128, min response is 0.000000.
max gradient is 0.003446, min gradient is -0.005199, learning rate is 0.000500
Net2: layer convt3:max response is 0.023073, min response is -0.058765.
max gradient is 2.785814, min gradient is -8.000000, learning rate is 0.003000
Net2: layer convt2:max response is 0.055018, min response is -0.009853.
max gradient is 0.073935, min gradient is -0.005251, learning rate is 0.003000
Net2: layer convt1:max response is 0.102995, min response is -0.020351.
max gradient is 0.064286, min gradient is -0.064898, learning rate is 0.003000
max inferred z is 2.76, min inferred z is -2.70, and std is 0.98
    1.3491

 
Epoch 1 of 500, Batch 3 of 10 

 layer conv3:max response is 30.482157, min response is 21.618378.
max gradient is 8.198816, min gradient is -0.003817, learning rate is 0.000500

 layer conv2:max response is 21.369059, min response is 0.000000.
max gradient is 0.029849, min gradient is -0.005057, learning rate is 0.000500

 layer conv1:max response is 49.854546, min response is 0.000000.
max gradient is 0.007760, min gradient is -0.008832, learning rate is 0.000500
Net2: layer convt3:max response is 0.097935, min response is -0.266219.
max gradient is 2.872107, min gradient is -8.000000, learning rate is 0.003000
Net2: layer convt2:max response is 0.129590, min response is -0.014856.
max gradient is 0.675118, min gradient is -0.023149, learning rate is 0.003000
Net2: layer convt1:max response is 0.096947, min response is -0.024512.
max gradient is 0.375408, min gradient is -0.491024, learning rate is 0.003000
max inferred z is 3.59, min inferred z is -2.79, and std is 0.99
    1.3410

 
Epoch 1 of 500, Batch 4 of 10 

 layer conv3:max response is 58.718544, min response is 38.029415.
max gradient is 8.478907, min gradient is -0.005430, learning rate is 0.000500

 layer conv2:max response is 21.868355, min response is 0.000000.
max gradient is 0.050307, min gradient is -0.005027, learning rate is 0.000500

 layer conv1:max response is 41.962967, min response is 0.000000.
max gradient is 0.014669, min gradient is -0.014893, learning rate is 0.000500
Net2: layer convt3:max response is 0.261948, min response is -0.644596.
max gradient is 3.044805, min gradient is -8.000000, learning rate is 0.003000
Net2: layer convt2:max response is 0.231805, min response is -0.018457.
max gradient is 0.438280, min gradient is -0.026275, learning rate is 0.003000
Net2: layer convt1:max response is 0.142569, min response is -0.019531.
max gradient is 0.098631, min gradient is -0.093753, learning rate is 0.003000
max inferred z is 3.04, min inferred z is -2.74, and std is 1.02
    1.3416

 
Epoch 1 of 500, Batch 5 of 10 

 layer conv3:max response is 88.677818, min response is 62.437454.
max gradient is 8.454250, min gradient is -0.004713, learning rate is 0.000500

 layer conv2:max response is 25.727781, min response is 0.000000.
max gradient is 0.069098, min gradient is -0.003092, learning rate is 0.000500

 layer conv1:max response is 44.148338, min response is 0.000000.
max gradient is 0.024576, min gradient is -0.018966, learning rate is 0.000500
Net2: layer convt3:max response is 0.349317, min response is -0.858900.
max gradient is 5.347067, min gradient is -8.000000, learning rate is 0.003000
Net2: layer convt2:max response is 0.343986, min response is -0.021525.
max gradient is 0.169334, min gradient is -3.323317, learning rate is 0.003000
Net2: layer convt1:max response is 0.178233, min response is -0.022398.
max gradient is 0.887471, min gradient is -0.894398, learning rate is 0.003000
max inferred z is 3.19, min inferred z is -3.65, and std is 1.05
    1.3516

 
Epoch 1 of 500, Batch 6 of 10 

 layer conv3:max response is 120.942139, min response is 88.102303.
max gradient is 9.552931, min gradient is -0.006344, learning rate is 0.000500

 layer conv2:max response is 21.661234, min response is 0.000000.
max gradient is 0.093873, min gradient is -0.002550, learning rate is 0.000500

 layer conv1:max response is 41.356678, min response is 0.000000.
max gradient is 0.030851, min gradient is -0.025839, learning rate is 0.000500
Net2: layer convt3:max response is 0.180852, min response is -0.772915.
max gradient is 8.000000, min gradient is -5.266271, learning rate is 0.003000
Net2: layer convt2:max response is 0.292749, min response is -0.021063.
max gradient is 0.115311, min gradient is -1.509126, learning rate is 0.003000
Net2: layer convt1:max response is 0.139254, min response is -0.021044.
max gradient is 0.290221, min gradient is -0.593275, learning rate is 0.003000
max inferred z is 2.80, min inferred z is -3.04, and std is 0.98
    1.3396

 
Epoch 1 of 500, Batch 7 of 10 

 layer conv3:max response is 167.861801, min response is 123.031776.
max gradient is 10.502734, min gradient is -0.003218, learning rate is 0.000500

 layer conv2:max response is 28.061695, min response is 0.000000.
max gradient is 0.124582, min gradient is -0.002622, learning rate is 0.000500

 layer conv1:max response is 49.369556, min response is 0.000000.
max gradient is 0.040690, min gradient is -0.035648, learning rate is 0.000500
Net2: layer convt3:max response is 0.188454, min response is -0.615809.
max gradient is 8.000000, min gradient is -4.395463, learning rate is 0.003000
Net2: layer convt2:max response is 0.231953, min response is -0.021360.
max gradient is 0.549328, min gradient is -0.075664, learning rate is 0.003000
Net2: layer convt1:max response is 0.183229, min response is -0.021504.
max gradient is 0.134620, min gradient is -0.413146, learning rate is 0.003000
max inferred z is 2.94, min inferred z is -2.26, and std is 0.96
    1.3413

 
Epoch 1 of 500, Batch 8 of 10 

 layer conv3:max response is 242.187439, min response is 161.557144.
max gradient is 11.123190, min gradient is -0.004012, learning rate is 0.000500

 layer conv2:max response is 24.198660, min response is 0.000000.
max gradient is 0.153642, min gradient is -0.002412, learning rate is 0.000500

 layer conv1:max response is 50.310917, min response is 0.000000.
max gradient is 0.055992, min gradient is -0.046422, learning rate is 0.000500
Net2: layer convt3:max response is 0.472516, min response is -0.602299.
max gradient is 5.673825, min gradient is -8.000000, learning rate is 0.003000
Net2: layer convt2:max response is 0.255794, min response is -0.021303.
max gradient is 0.162252, min gradient is -2.226066, learning rate is 0.003000
Net2: layer convt1:max response is 0.171200, min response is -0.022450.
max gradient is 2.040938, min gradient is -1.320045, learning rate is 0.003000
max inferred z is 3.10, min inferred z is -3.11, and std is 1.05
    1.3409

 
Epoch 1 of 500, Batch 9 of 10 

 layer conv3:max response is 307.062927, min response is 233.068314.
max gradient is 13.417632, min gradient is -0.006889, learning rate is 0.000500

 layer conv2:max response is 27.017130, min response is 0.000000.
max gradient is 0.199856, min gradient is -0.002352, learning rate is 0.000500

 layer conv1:max response is 49.575829, min response is 0.000000.
max gradient is 0.068306, min gradient is -0.062581, learning rate is 0.000500
Net2: layer convt3:max response is 0.327295, min response is -0.543482.
max gradient is 2.130491, min gradient is -8.000000, learning rate is 0.003000
Net2: layer convt2:max response is 0.209518, min response is -0.021693.
max gradient is 1.517268, min gradient is -0.082696, learning rate is 0.003000
Net2: layer convt1:max response is 0.209019, min response is -0.022910.
max gradient is 2.190962, min gradient is -1.021052, learning rate is 0.003000
max inferred z is 2.69, min inferred z is -2.85, and std is 1.05
    1.3399

 
Epoch 1 of 500, Batch 10 of 10 

 layer conv3:max response is 422.818420, min response is 363.035126.
max gradient is 17.266418, min gradient is -0.014000, learning rate is 0.000500

 layer conv2:max response is 30.409283, min response is 0.000000.
max gradient is 0.275477, min gradient is -0.003080, learning rate is 0.000500

 layer conv1:max response is 49.752888, min response is 0.000000.
max gradient is 0.120716, min gradient is -0.060832, learning rate is 0.000500
Net2: layer convt3:max response is 0.196770, min response is -0.693263.
max gradient is 8.000000, min gradient is -5.060969, learning rate is 0.003000
Net2: layer convt2:max response is 0.244498, min response is -0.021960.
max gradient is 0.179992, min gradient is -2.616852, learning rate is 0.003000
Net2: layer convt1:max response is 0.164936, min response is -0.022303.
max gradient is 1.267812, min gradient is -3.359646, learning rate is 0.003000
max inferred z is 2.71, min inferred z is -3.21, and std is 0.98
    1.3213

 
 14.57 s (2.2 data/s)
Loss: 0.029554
Training: epoch 02
Epoch 2 of 500, Batch 1 of 10 

 layer conv3:max response is 558.489685, min response is 425.695038.
max gradient is 18.819590, min gradient is -0.004119, learning rate is 0.000500

 layer conv2:max response is 31.355013, min response is 0.000000.
max gradient is 0.282784, min gradient is -0.002201, learning rate is 0.000500

 layer conv1:max response is 49.954697, min response is 0.000000.
max gradient is 0.108996, min gradient is -0.101569, learning rate is 0.000500
Net2: layer convt3:max response is 0.212165, min response is -0.635007.
max gradient is 3.521194, min gradient is -5.228371, learning rate is 0.003000
Net2: layer convt2:max response is 0.205057, min response is -0.022187.
max gradient is 1.030517, min gradient is -0.105768, learning rate is 0.003000
Net2: layer convt1:max response is 0.203194, min response is -0.024571.
max gradient is 1.250945, min gradient is -1.610004, learning rate is 0.003000
max inferred z is 2.74, min inferred z is -3.09, and std is 0.95
    1.3432

 
Epoch 2 of 500, Batch 2 of 10 

 layer conv3:max response is 857.166077, min response is 579.378967.
max gradient is 20.000000, min gradient is -0.003973, learning rate is 0.000500

 layer conv2:max response is 34.640148, min response is 0.000000.
max gradient is 0.317416, min gradient is -0.001748, learning rate is 0.000500

 layer conv1:max response is 42.228764, min response is 0.000000.
max gradient is 0.164427, min gradient is -0.122824, learning rate is 0.000500
Net2: layer convt3:max response is 0.385006, min response is -0.722863.
max gradient is 3.375704, min gradient is -8.000000, learning rate is 0.003000
Net2: layer convt2:max response is 0.248111, min response is -0.022100.
max gradient is 0.179343, min gradient is -2.627720, learning rate is 0.003000
Net2: layer convt1:max response is 0.177473, min response is -0.021620.
max gradient is 3.669555, min gradient is -3.363863, learning rate is 0.003000
max inferred z is 3.42, min inferred z is -2.83, and std is 0.99
    1.3736

 
Epoch 2 of 500, Batch 3 of 10 

 layer conv3:max response is 1142.345459, min response is 824.113281.
max gradient is 20.000000, min gradient is -0.007606, learning rate is 0.000500

 layer conv2:max response is 39.300426, min response is 0.000000.
max gradient is 0.411232, min gradient is -0.002229, learning rate is 0.000500

 layer conv1:max response is 42.349678, min response is 0.000000.
max gradient is 0.199339, min gradient is -0.175187, learning rate is 0.000500
Net2: layer convt3:max response is 0.221983, min response is -0.650200.
max gradient is 6.635228, min gradient is -4.979525, learning rate is 0.003000
Net2: layer convt2:max response is 0.200984, min response is -0.022284.
max gradient is 0.850451, min gradient is -0.134492, learning rate is 0.003000
Net2: layer convt1:max response is 0.214391, min response is -0.024333.
max gradient is 1.503845, min gradient is -1.104356, learning rate is 0.003000
max inferred z is 2.45, min inferred z is -3.39, and std is 0.96
    1.3409

 
Epoch 2 of 500, Batch 4 of 10 

 layer conv3:max response is 1653.603394, min response is 1081.047363.
max gradient is 20.000000, min gradient is -0.001981, learning rate is 0.000500

 layer conv2:max response is 45.546635, min response is 0.000000.
max gradient is 0.471816, min gradient is -0.002195, learning rate is 0.000500

 layer conv1:max response is 51.949314, min response is 0.000000.
max gradient is 0.243898, min gradient is -0.227743, learning rate is 0.000500
Net2: layer convt3:max response is 0.305885, min response is -0.715183.
max gradient is 8.000000, min gradient is -4.501871, learning rate is 0.003000
Net2: layer convt2:max response is 0.251611, min response is -0.023018.
max gradient is 0.140324, min gradient is -2.109535, learning rate is 0.003000
Net2: layer convt1:max response is 0.209035, min response is -0.025598.
max gradient is 2.614612, min gradient is -1.910185, learning rate is 0.003000
max inferred z is 3.80, min inferred z is -3.04, and std is 1.05
    1.3403

 
Epoch 2 of 500, Batch 5 of 10 

 layer conv3:max response is 2187.666260, min response is 1643.615234.
max gradient is 20.000000, min gradient is -0.003532, learning rate is 0.000500

 layer conv2:max response is 56.247181, min response is 0.000000.
max gradient is 0.542436, min gradient is -0.001703, learning rate is 0.000500

 layer conv1:max response is 46.465000, min response is 0.000000.
max gradient is 0.333368, min gradient is -0.304191, learning rate is 0.000500
Net2: layer convt3:max response is 0.210847, min response is -0.643617.
max gradient is 2.542256, min gradient is -3.350482, learning rate is 0.003000
Net2: layer convt2:max response is 0.207527, min response is -0.022527.
max gradient is 1.046413, min gradient is -0.049115, learning rate is 0.003000
Net2: layer convt1:max response is 0.237904, min response is -0.023149.
max gradient is 2.530084, min gradient is -3.270397, learning rate is 0.003000
max inferred z is 3.01, min inferred z is -3.01, and std is 1.01
    1.3400

 
Epoch 2 of 500, Batch 6 of 10 

 layer conv3:max response is 3150.045654, min response is 2063.530273.
max gradient is 20.000000, min gradient is -0.002596, learning rate is 0.000500

 layer conv2:max response is 71.819717, min response is 0.000000.
max gradient is 0.636307, min gradient is -0.001747, learning rate is 0.000500

 layer conv1:max response is 53.240437, min response is 0.000000.
max gradient is 0.435770, min gradient is -0.403577, learning rate is 0.000500
Net2: layer convt3:max response is 0.263304, min response is -0.718533.
max gradient is 8.000000, min gradient is -6.439886, learning rate is 0.003000
Net2: layer convt2:max response is 0.244028, min response is -0.022899.
max gradient is 0.092370, min gradient is -1.325603, learning rate is 0.003000
Net2: layer convt1:max response is 0.240151, min response is -0.025795.
max gradient is 3.423029, min gradient is -2.220719, learning rate is 0.003000
max inferred z is 3.10, min inferred z is -3.08, and std is 1.01
    1.3409

 
Epoch 2 of 500, Batch 7 of 10 

 layer conv3:max response is 4123.143066, min response is 2926.462646.
max gradient is 19.999998, min gradient is -0.002285, learning rate is 0.000500

 layer conv2:max response is 79.476501, min response is 0.000000.
max gradient is 0.784406, min gradient is -0.001504, learning rate is 0.000500

 layer conv1:max response is 51.074257, min response is 0.000000.
max gradient is 0.572053, min gradient is -0.504977, learning rate is 0.000500
Net2: layer convt3:max response is 0.178980, min response is -0.617812.
max gradient is 8.000000, min gradient is -7.050720, learning rate is 0.003000
Net2: layer convt2:max response is 0.203563, min response is -0.022991.
max gradient is 1.065245, min gradient is -0.076600, learning rate is 0.003000
Net2: layer convt1:max response is 0.281750, min response is -0.026798.
max gradient is 2.206023, min gradient is -1.548078, learning rate is 0.003000
max inferred z is 3.74, min inferred z is -3.28, and std is 1.06
    1.3405

 
Epoch 2 of 500, Batch 8 of 10 

 layer conv3:max response is 5723.257324, min response is 3606.042236.
max gradient is 20.000000, min gradient is -0.001454, learning rate is 0.000500

 layer conv2:max response is 95.288544, min response is 0.000000.
max gradient is 0.896403, min gradient is -0.001429, learning rate is 0.000500

 layer conv1:max response is 57.341026, min response is 0.000000.
max gradient is 0.664997, min gradient is -0.712053, learning rate is 0.000500
Net2: layer convt3:max response is 0.290479, min response is -0.665279.
max gradient is 3.425930, min gradient is -8.000000, learning rate is 0.003000
Net2: layer convt2:max response is 0.241383, min response is -0.022538.
max gradient is 0.053835, min gradient is -0.749475, learning rate is 0.003000
Net2: layer convt1:max response is 0.213746, min response is -0.026796.
max gradient is 1.419082, min gradient is -2.135101, learning rate is 0.003000
max inferred z is 2.66, min inferred z is -2.82, and std is 1.03
    1.3400

 
Epoch 2 of 500, Batch 9 of 10 

 layer conv3:max response is 7160.453125, min response is 4984.264160.
max gradient is 20.000000, min gradient is -0.000978, learning rate is 0.000500

 layer conv2:max response is 122.083336, min response is 0.000000.
max gradient is 1.138664, min gradient is -0.001337, learning rate is 0.000500

 layer conv1:max response is 51.165112, min response is 0.000000.
max gradient is 0.934834, min gradient is -0.811488, learning rate is 0.000500
Net2: layer convt3:max response is 0.180519, min response is -0.604250.
max gradient is 8.000000, min gradient is -2.781811, learning rate is 0.003000
Net2: layer convt2:max response is 0.199097, min response is -0.023092.
max gradient is 0.596632, min gradient is -0.061806, learning rate is 0.003000
Net2: layer convt1:max response is 0.237341, min response is -0.030363.
max gradient is 2.026043, min gradient is -1.101456, learning rate is 0.003000
max inferred z is 3.32, min inferred z is -3.06, and std is 0.98
    1.3397

 
Epoch 2 of 500, Batch 10 of 10 

 layer conv3:max response is 9069.416992, min response is 7671.685547.
max gradient is 20.000000, min gradient is -0.001512, learning rate is 0.000500

 layer conv2:max response is 148.959610, min response is 0.000000.
max gradient is 1.511045, min gradient is -0.003402, learning rate is 0.000500

 layer conv1:max response is 52.623634, min response is 0.000000.
max gradient is 1.298944, min gradient is -1.028392, learning rate is 0.000500
Net2: layer convt3:max response is 0.264554, min response is -0.675595.
max gradient is 5.628488, min gradient is -8.000000, learning rate is 0.003000
Net2: layer convt2:max response is 0.241906, min response is -0.023577.
max gradient is 0.157364, min gradient is -2.071416, learning rate is 0.003000
Net2: layer convt1:max response is 0.225866, min response is -0.029686.
max gradient is 4.783036, min gradient is -4.656895, learning rate is 0.003000
max inferred z is 3.00, min inferred z is -3.69, and std is 0.92
    1.3215

 
 13.43 s (2.4 data/s)
Loss: 0.053245
Training: epoch 03
Epoch 3 of 500, Batch 1 of 10 

 layer conv3:max response is 13639.189453, min response is 8905.423828.
max gradient is 20.000000, min gradient is -0.000829, learning rate is 0.000500

 layer conv2:max response is 201.073502, min response is 0.000000.
max gradient is 1.651056, min gradient is -0.002823, learning rate is 0.000500

 layer conv1:max response is 60.884895, min response is 0.000000.
max gradient is 1.579880, min gradient is -1.278383, learning rate is 0.000500
Net2: layer convt3:max response is 0.171493, min response is -0.587260.
max gradient is 7.545008, min gradient is -8.000000, learning rate is 0.003000
Net2: layer convt2:max response is 0.208029, min response is -0.024199.
max gradient is 0.723632, min gradient is -0.114652, learning rate is 0.003000
Net2: layer convt1:max response is 0.252796, min response is -0.029603.
max gradient is 1.465484, min gradient is -2.033086, learning rate is 0.003000
max inferred z is 3.33, min inferred z is -2.44, and std is 1.01
    1.3414

 
Epoch 3 of 500, Batch 2 of 10 

 layer conv3:max response is 19430.955078, min response is 12218.251953.
max gradient is 20.000000, min gradient is -0.000496, learning rate is 0.000500

 layer conv2:max response is 263.976532, min response is 0.000000.
max gradient is 1.743580, min gradient is -0.001948, learning rate is 0.000500

 layer conv1:max response is 75.555634, min response is 0.000000.
max gradient is 1.675922, min gradient is -1.882283, learning rate is 0.000500
Net2: layer convt3:max response is 0.257422, min response is -0.661512.
max gradient is 8.000000, min gradient is -5.249296, learning rate is 0.003000
Net2: layer convt2:max response is 0.248513, min response is -0.024465.
max gradient is 0.057263, min gradient is -0.610489, learning rate is 0.003000
Net2: layer convt1:max response is 0.219814, min response is -0.041919.
max gradient is 2.613782, min gradient is -1.486849, learning rate is 0.003000
max inferred z is 3.12, min inferred z is -3.98, and std is 1.07
    1.3409

 
Epoch 3 of 500, Batch 3 of 10 

 layer conv3:max response is 28848.804688, min response is 16627.558594.
max gradient is 20.000000, min gradient is -0.000556, learning rate is 0.000500

 layer conv2:max response is 352.034729, min response is 0.000000.
max gradient is 2.318812, min gradient is -0.002731, learning rate is 0.000500

 layer conv1:max response is 82.722809, min response is 0.000000.
max gradient is 2.323961, min gradient is -2.177886, learning rate is 0.000500
Net2: layer convt3:max response is 0.194559, min response is -0.603112.
max gradient is 2.222807, min gradient is -8.000000, learning rate is 0.003000
Net2: layer convt2:max response is 0.204457, min response is -0.024902.
max gradient is 0.567915, min gradient is -0.064319, learning rate is 0.003000
Net2: layer convt1:max response is 0.265389, min response is -0.028059.
max gradient is 1.897193, min gradient is -1.722790, learning rate is 0.003000
max inferred z is 2.63, min inferred z is -2.84, and std is 0.98
    1.3408

 
Epoch 3 of 500, Batch 4 of 10 

 layer conv3:max response is 39996.117188, min response is 23425.328125.
max gradient is 20.000000, min gradient is -0.000474, learning rate is 0.000500

 layer conv2:max response is 525.696594, min response is 0.000000.
max gradient is 3.001981, min gradient is -0.004067, learning rate is 0.000500

 layer conv1:max response is 90.747971, min response is 0.000000.
max gradient is 3.060142, min gradient is -2.830529, learning rate is 0.000500
Net2: layer convt3:max response is 0.207183, min response is -0.689008.
max gradient is 8.000000, min gradient is -0.968353, learning rate is 0.003000
Net2: layer convt2:max response is 0.251161, min response is -0.026496.
max gradient is 0.069929, min gradient is -0.869715, learning rate is 0.003000
Net2: layer convt1:max response is 0.244687, min response is -0.032119.
max gradient is 1.918333, min gradient is -2.494550, learning rate is 0.003000
max inferred z is 3.13, min inferred z is -3.17, and std is 1.01
    1.3412

 
Epoch 3 of 500, Batch 5 of 10 

 layer conv3:max response is 60594.609375, min response is 32173.646484.
max gradient is 20.000000, min gradient is -0.000276, learning rate is 0.000500

 layer conv2:max response is 671.309937, min response is 0.000000.
max gradient is 3.476732, min gradient is -0.005008, learning rate is 0.000500

 layer conv1:max response is 131.238098, min response is 0.000000.
max gradient is 3.570418, min gradient is -3.571725, learning rate is 0.000500
Net2: layer convt3:max response is 0.203833, min response is -0.610868.
max gradient is 1.336234, min gradient is -8.000000, learning rate is 0.003000
Net2: layer convt2:max response is 0.209895, min response is -0.025459.
max gradient is 0.466308, min gradient is -0.055503, learning rate is 0.003000
Net2: layer convt1:max response is 0.249467, min response is -0.033338.
max gradient is 1.375199, min gradient is -1.599084, learning rate is 0.003000
max inferred z is 2.99, min inferred z is -2.56, and std is 0.98
    1.3402

 
Epoch 3 of 500, Batch 6 of 10 

 layer conv3:max response is 85628.515625, min response is 47896.792969.
max gradient is 20.000000, min gradient is -0.000195, learning rate is 0.000500

 layer conv2:max response is 917.366150, min response is 0.000000.
max gradient is 5.158800, min gradient is -0.004823, learning rate is 0.000500

 layer conv1:max response is 149.935944, min response is 0.000000.
max gradient is 5.132130, min gradient is -4.184857, learning rate is 0.000500
Net2: layer convt3:max response is 0.197958, min response is -0.649857.
max gradient is 8.000000, min gradient is -1.019858, learning rate is 0.003000
Net2: layer convt2:max response is 0.239578, min response is -0.026082.
max gradient is 0.065470, min gradient is -0.739175, learning rate is 0.003000
Net2: layer convt1:max response is 0.204779, min response is -0.041297.
max gradient is 2.664273, min gradient is -1.736558, learning rate is 0.003000
max inferred z is 3.25, min inferred z is -2.71, and std is 0.99
    1.3403

 
Epoch 3 of 500, Batch 7 of 10 

 layer conv3:max response is 135581.421875, min response is 76012.687500.
max gradient is 19.999998, min gradient is -0.000328, learning rate is 0.000500

 layer conv2:max response is 1446.059570, min response is 0.000000.
max gradient is 6.542068, min gradient is -0.003239, learning rate is 0.000500

 layer conv1:max response is 155.332840, min response is 0.000000.
max gradient is 6.284460, min gradient is -5.650144, learning rate is 0.000500
Net2: layer convt3:max response is 0.205883, min response is -0.601129.
max gradient is 1.423888, min gradient is -7.931784, learning rate is 0.003000
Net2: layer convt2:max response is 0.199185, min response is -0.026206.
max gradient is 0.520337, min gradient is -0.070366, learning rate is 0.003000
Net2: layer convt1:max response is 0.263846, min response is -0.035250.
max gradient is 1.196650, min gradient is -1.354441, learning rate is 0.003000
max inferred z is 2.99, min inferred z is -3.14, and std is 0.96
    1.3399

 
Epoch 3 of 500, Batch 8 of 10 

 layer conv3:max response is 227118.000000, min response is 104054.437500.
max gradient is 20.000000, min gradient is -0.000041, learning rate is 0.000500

 layer conv2:max response is 2257.821289, min response is 0.000000.
max gradient is 7.881987, min gradient is -0.004831, learning rate is 0.000500

 layer conv1:max response is 222.552216, min response is 0.000000.
max gradient is 8.456889, min gradient is -6.818315, learning rate is 0.000500
Net2: layer convt3:max response is 0.204889, min response is -0.674277.
max gradient is 8.000000, min gradient is -1.073917, learning rate is 0.003000
Net2: layer convt2:max response is 0.241118, min response is -0.027259.
max gradient is 0.098420, min gradient is -0.939105, learning rate is 0.003000
Net2: layer convt1:max response is 0.248658, min response is -0.042853.
max gradient is 2.258671, min gradient is -1.730177, learning rate is 0.003000
max inferred z is 3.16, min inferred z is -3.07, and std is 0.96
    1.3414

 
Epoch 3 of 500, Batch 9 of 10 

 layer conv3:max response is 332599.500000, min response is 163330.921875.
max gradient is 20.000000, min gradient is 0.000000, learning rate is 0.000500

 layer conv2:max response is 3060.417236, min response is 0.000000.
max gradient is 8.833454, min gradient is -0.005749, learning rate is 0.000500

 layer conv1:max response is 238.133789, min response is 0.000000.
max gradient is 9.500736, min gradient is -9.488110, learning rate is 0.000500
Net2: layer convt3:max response is 0.197877, min response is -0.613545.
max gradient is 1.869173, min gradient is -7.798800, learning rate is 0.003000
Net2: layer convt2:max response is 0.208534, min response is -0.027064.
max gradient is 0.341225, min gradient is -0.069714, learning rate is 0.003000
Net2: layer convt1:max response is 0.311930, min response is -0.034288.
max gradient is 1.386388, min gradient is -1.166909, learning rate is 0.003000
max inferred z is 2.86, min inferred z is -2.68, and std is 1.02
    1.3410

 
Epoch 3 of 500, Batch 10 of 10 

 layer conv3:max response is 566836.875000, min response is 251382.125000.
max gradient is 19.999998, min gradient is -0.002541, learning rate is 0.000500

 layer conv2:max response is 4924.799316, min response is 0.000000.
max gradient is 11.876442, min gradient is -0.013539, learning rate is 0.000500

 layer conv1:max response is 351.078278, min response is 0.000000.
max gradient is 12.840714, min gradient is -11.744983, learning rate is 0.000500
Net2: layer convt3:max response is 0.243265, min response is -0.648079.
max gradient is 8.000000, min gradient is -4.684221, learning rate is 0.003000
Net2: layer convt2:max response is 0.241168, min response is -0.028630.
max gradient is 0.284176, min gradient is -1.789643, learning rate is 0.003000
Net2: layer convt1:max response is 0.239123, min response is -0.031448.
max gradient is 2.796839, min gradient is -4.104831, learning rate is 0.003000
max inferred z is 3.02, min inferred z is -2.97, and std is 0.97
    1.3210

 
 13.39 s (2.4 data/s)
Loss: 0.038676
Training: epoch 04
Epoch 4 of 500, Batch 1 of 10 

 layer conv3:max response is 893250.625000, min response is 402881.468750.
max gradient is 20.000000, min gradient is -0.000022, learning rate is 0.000500

 layer conv2:max response is 7419.615723, min response is 0.000000.
max gradient is 17.115414, min gradient is -0.007340, learning rate is 0.000500

 layer conv1:max response is 432.190155, min response is 0.000000.
max gradient is 17.633314, min gradient is -14.190927, learning rate is 0.000500
Net2: layer convt3:max response is 0.178804, min response is -0.596103.
max gradient is 6.465260, min gradient is -8.000000, learning rate is 0.003000
Net2: layer convt2:max response is 0.200478, min response is -0.028898.
max gradient is 0.419197, min gradient is -0.133169, learning rate is 0.003000
Net2: layer convt1:max response is 0.277618, min response is -0.048499.
max gradient is 0.783954, min gradient is -1.390509, learning rate is 0.003000
max inferred z is 2.82, min inferred z is -3.99, and std is 1.03
    1.3408

 
Epoch 4 of 500, Batch 2 of 10 

 layer conv3:max response is 1253520.750000, min response is 631959.187500.
max gradient is 20.000000, min gradient is 0.000000, learning rate is 0.000500

 layer conv2:max response is 10336.035156, min response is 0.000000.
max gradient is 17.771858, min gradient is -0.008855, learning rate is 0.000500

 layer conv1:max response is 413.479584, min response is 0.000000.
max gradient is 19.103619, min gradient is -19.204157, learning rate is 0.000500
Net2: layer convt3:max response is 0.264699, min response is -0.674418.
max gradient is 7.917225, min gradient is -8.000000, learning rate is 0.003000
Net2: layer convt2:max response is 0.254194, min response is -0.031111.
max gradient is 0.116166, min gradient is -0.633572, learning rate is 0.003000
Net2: layer convt1:max response is 0.280512, min response is -0.046852.
max gradient is 1.437777, min gradient is -1.129656, learning rate is 0.003000
max inferred z is 2.85, min inferred z is -3.99, and std is 1.02
    1.3409

 
Epoch 4 of 500, Batch 3 of 10 

 layer conv3:max response is 2120822.250000, min response is 1045570.437500.
max gradient is 20.000000, min gradient is -0.004174, learning rate is 0.000500

 layer conv2:max response is 19143.521484, min response is 0.000000.
max gradient is 20.000000, min gradient is -0.012971, learning rate is 0.000500

 layer conv1:max response is 561.229492, min response is 0.000000.
max gradient is 20.000002, min gradient is -12.951096, learning rate is 0.000500
Net2: layer convt3:max response is 0.169712, min response is -0.599465.
max gradient is 6.107647, min gradient is -8.000000, learning rate is 0.003000
Net2: layer convt2:max response is 0.199526, min response is -0.031429.
max gradient is 0.347220, min gradient is -0.143422, learning rate is 0.003000
Net2: layer convt1:max response is 0.257566, min response is -0.045407.
max gradient is 1.871621, min gradient is -1.128439, learning rate is 0.003000
max inferred z is 2.76, min inferred z is -3.11, and std is 0.95
    1.3407

 
Epoch 4 of 500, Batch 4 of 10 

 layer conv3:max response is 3198844.750000, min response is 1499568.250000.
max gradient is 20.000000, min gradient is -0.001769, learning rate is 0.000500

 layer conv2:max response is 28150.220703, min response is 0.000000.
max gradient is 20.000000, min gradient is -0.014510, learning rate is 0.000500

 layer conv1:max response is 673.478699, min response is 0.000000.
max gradient is 20.000000, min gradient is -15.638290, learning rate is 0.000500
Net2: layer convt3:max response is 0.187365, min response is -0.656090.
max gradient is 8.000000, min gradient is -1.477732, learning rate is 0.003000
Net2: layer convt2:max response is 0.243199, min response is -0.035592.
max gradient is 0.081145, min gradient is -0.508455, learning rate is 0.003000
Net2: layer convt1:max response is 0.378442, min response is -0.054051.
max gradient is 0.704625, min gradient is -1.641088, learning rate is 0.003000
max inferred z is 2.83, min inferred z is -3.25, and std is 1.05
    1.3409

 
Epoch 4 of 500, Batch 5 of 10 

 layer conv3:max response is 5154174.000000, min response is 2207074.500000.
max gradient is 20.000000, min gradient is -0.018094, learning rate is 0.000500

 layer conv2:max response is 39301.320312, min response is 0.000000.
max gradient is 20.000000, min gradient is -0.022162, learning rate is 0.000500

 layer conv1:max response is 816.406189, min response is 0.000000.
max gradient is 18.923735, min gradient is -20.000000, learning rate is 0.000500
Net2: layer convt3:max response is 0.193377, min response is -0.604990.
max gradient is 8.000000, min gradient is -2.278843, learning rate is 0.003000
Net2: layer convt2:max response is 0.204869, min response is -0.037103.
max gradient is 0.079046, min gradient is -0.157301, learning rate is 0.003000
Net2: layer convt1:max response is 0.324309, min response is -0.041893.
max gradient is 0.644494, min gradient is -0.559055, learning rate is 0.003000
max inferred z is 3.43, min inferred z is -2.59, and std is 0.97
    1.3411

 
Epoch 4 of 500, Batch 6 of 10 

 layer conv3:max response is 6591300.000000, min response is 3056618.250000.
max gradient is 20.000000, min gradient is -0.141780, learning rate is 0.000500

 layer conv2:max response is 46054.812500, min response is 0.000000.
max gradient is 20.000000, min gradient is -6.938901, learning rate is 0.000500

 layer conv1:max response is 882.314636, min response is 0.000000.
max gradient is 5.039886, min gradient is -20.000000, learning rate is 0.000500
Net2: layer convt3:max response is 0.336652, min response is -0.574457.
max gradient is 1.769096, min gradient is -2.639056, learning rate is 0.003000
Net2: layer convt2:max response is 0.166798, min response is -0.040928.
max gradient is 0.791783, min gradient is -0.114547, learning rate is 0.003000
Net2: layer convt1:max response is 0.342830, min response is -0.045753.
max gradient is 1.908764, min gradient is -1.507835, learning rate is 0.003000
max inferred z is 2.97, min inferred z is -3.03, and std is 0.98
    1.3411

 
Epoch 4 of 500, Batch 7 of 10 

 layer conv3:max response is 7460349.500000, min response is 4048173.250000.
max gradient is 20.000000, min gradient is -0.060597, learning rate is 0.000500

 layer conv2:max response is 57088.011719, min response is 0.000000.
max gradient is 20.000000, min gradient is -2.632492, learning rate is 0.000500

 layer conv1:max response is 1112.288818, min response is 0.000000.
max gradient is 8.007091, min gradient is -20.000000, learning rate is 0.000500
Net2: layer convt3:max response is 0.422138, min response is -0.633143.
max gradient is 3.203661, min gradient is -8.000000, learning rate is 0.003000
Net2: layer convt2:max response is 0.197077, min response is -0.045412.
max gradient is 0.228357, min gradient is -2.145726, learning rate is 0.003000
Net2: layer convt1:max response is 0.346308, min response is -0.047990.
max gradient is 2.183090, min gradient is -3.167874, learning rate is 0.003000
max inferred z is 2.92, min inferred z is -2.34, and std is 0.95
    1.3409

 
Epoch 4 of 500, Batch 8 of 10 

 layer conv3:max response is 8236131.000000, min response is 5219278.500000.
max gradient is 20.000000, min gradient is -0.043644, learning rate is 0.000500

 layer conv2:max response is 75782.835938, min response is 0.000000.
max gradient is 20.000000, min gradient is -3.324467, learning rate is 0.000500

 layer conv1:max response is 938.944519, min response is 0.000000.
max gradient is 6.171256, min gradient is -20.000000, learning rate is 0.000500
Net2: layer convt3:max response is 0.295949, min response is -0.597611.
max gradient is 3.417951, min gradient is -2.237899, learning rate is 0.003000
Net2: layer convt2:max response is 0.155132, min response is -0.045728.
max gradient is 0.393893, min gradient is -0.058723, learning rate is 0.003000
Net2: layer convt1:max response is 0.317326, min response is -0.043936.
max gradient is 0.801577, min gradient is -0.578266, learning rate is 0.003000
max inferred z is 2.92, min inferred z is -3.07, and std is 0.98
    1.3410

 
Epoch 4 of 500, Batch 9 of 10 

 layer conv3:max response is 10507325.000000, min response is 6038005.000000.
max gradient is 19.999998, min gradient is -0.043880, learning rate is 0.000500

 layer conv2:max response is 80030.460938, min response is 0.000000.
max gradient is 19.999998, min gradient is -1.033602, learning rate is 0.000500

 layer conv1:max response is 1154.843506, min response is 0.000000.
max gradient is 5.734222, min gradient is -20.000000, learning rate is 0.000500
Net2: layer convt3:max response is 0.309700, min response is -0.625078.
max gradient is 2.655301, min gradient is -8.000000, learning rate is 0.003000
Net2: layer convt2:max response is 0.195745, min response is -0.045992.
max gradient is 0.051040, min gradient is -0.506023, learning rate is 0.003000
Net2: layer convt1:max response is 0.348047, min response is -0.045244.
max gradient is 0.891369, min gradient is -0.609883, learning rate is 0.003000
max inferred z is 2.71, min inferred z is -3.04, and std is 0.97
    1.3397

 
Epoch 4 of 500, Batch 10 of 10 

 layer conv3:max response is 13243694.000000, min response is 6351239.000000.
max gradient is 1.391439, min gradient is -20.000000, learning rate is 0.000500

 layer conv2:max response is 99882.210938, min response is 0.000000.
max gradient is 9.059100, min gradient is -19.999998, learning rate is 0.000500

 layer conv1:max response is 1122.933472, min response is 0.000000.
max gradient is 20.000000, min gradient is -1.135750, learning rate is 0.000500
Net2: layer convt3:max response is 0.241580, min response is -0.591065.
max gradient is 6.109674, min gradient is -8.000000, learning rate is 0.003000
Net2: layer convt2:max response is 0.153632, min response is -0.045602.
max gradient is 8.000000, min gradient is -0.398946, learning rate is 0.003000
Net2: layer convt1:max response is 0.344283, min response is -0.054285.
max gradient is 3.355442, min gradient is -8.000000, learning rate is 0.003000
max inferred z is 2.94, min inferred z is -3.23, and std is 1.01
    1.3214

 
 13.39 s (2.4 data/s)
Loss: 0.064907
Training: epoch 05
Epoch 5 of 500, Batch 1 of 10 

 layer conv3:max response is 13115875.000000, min response is 8019706.500000.
max gradient is 2.546700, min gradient is -20.000000, learning rate is 0.000500

 layer conv2:max response is 119505.398438, min response is 0.000000.
max gradient is 10.574394, min gradient is -19.999998, learning rate is 0.000500

 layer conv1:max response is 1219.059448, min response is 0.000000.
max gradient is 20.000000, min gradient is -1.749918, learning rate is 0.000500
Net2: layer convt3:max response is 0.154214, min response is -0.635138.
max gradient is 4.181392, min gradient is -8.000000, learning rate is 0.003000
Net2: layer convt2:max response is 0.202746, min response is -0.046102.
max gradient is 1.661113, min gradient is -0.157002, learning rate is 0.003000
Net2: layer convt1:max response is 0.326177, min response is -0.042976.
max gradient is 4.547429, min gradient is -5.921423, learning rate is 0.003000
max inferred z is 3.26, min inferred z is -3.41, and std is 1.02
    1.3416

 
Epoch 5 of 500, Batch 2 of 10 

 layer conv3:max response is 11835515.000000, min response is 8217970.000000.
max gradient is 20.000000, min gradient is -16.166019, learning rate is 0.000500

 layer conv2:max response is 83517.078125, min response is 0.000000.
max gradient is 18.348633, min gradient is -20.000000, learning rate is 0.000500

 layer conv1:max response is 1258.983276, min response is 0.000000.
max gradient is 19.999998, min gradient is -2.268704, learning rate is 0.000500
Net2: layer convt3:max response is -0.007577, min response is -0.742490.
max gradient is 8.000000, min gradient is -1.363510, learning rate is 0.003000
Net2: layer convt2:max response is 0.300388, min response is -0.046929.
max gradient is 0.798203, min gradient is -8.000000, learning rate is 0.003000
Net2: layer convt1:max response is 0.309359, min response is -0.052843.
max gradient is 8.000000, min gradient is -7.828085, learning rate is 0.003000
max inferred z is 2.96, min inferred z is -2.88, and std is 1.05
    1.3406

 
Epoch 5 of 500, Batch 3 of 10 

 layer conv3:max response is 13138674.000000, min response is 7616268.000000.
max gradient is 20.000000, min gradient is -0.301376, learning rate is 0.000500

 layer conv2:max response is 86793.992188, min response is 0.000000.
max gradient is 20.000000, min gradient is -4.110474, learning rate is 0.000500

 layer conv1:max response is 1308.361816, min response is 0.000000.
max gradient is 20.000000, min gradient is -13.333193, learning rate is 0.000500
Net2: layer convt3:max response is 0.027616, min response is -0.741103.
max gradient is 8.000000, min gradient is -1.505921, learning rate is 0.003000
Net2: layer convt2:max response is 0.281433, min response is -0.046001.
max gradient is 1.056091, min gradient is -8.000000, learning rate is 0.003000
Net2: layer convt1:max response is 0.334446, min response is -0.070941.
max gradient is 6.464909, min gradient is -8.000000, learning rate is 0.003000
max inferred z is 2.84, min inferred z is -2.86, and std is 0.96
    1.3421

 
Epoch 5 of 500, Batch 4 of 10 

 layer conv3:max response is 14715771.000000, min response is 8888554.000000.
max gradient is 20.000000, min gradient is -5.596942, learning rate is 0.000500

 layer conv2:max response is 90384.398438, min response is 0.000000.
max gradient is 19.999998, min gradient is -5.060973, learning rate is 0.000500

 layer conv1:max response is 1189.553589, min response is 0.000000.
max gradient is 14.732033, min gradient is -20.000000, learning rate is 0.000500
Net2: layer convt3:max response is 0.202668, min response is -0.684179.
max gradient is 8.000000, min gradient is -2.774987, learning rate is 0.003000
Net2: layer convt2:max response is 0.212669, min response is -0.043573.
max gradient is 0.556742, min gradient is -2.751380, learning rate is 0.003000
Net2: layer convt1:max response is 0.459703, min response is -0.066462.
max gradient is 8.000000, min gradient is -2.373003, learning rate is 0.003000
max inferred z is 2.87, min inferred z is -2.75, and std is 0.98
    1.3417

 
Epoch 5 of 500, Batch 5 of 10 

 layer conv3:max response is 17109836.000000, min response is 8471068.000000.
max gradient is 20.000000, min gradient is -0.256772, learning rate is 0.000500

 layer conv2:max response is 96184.890625, min response is 0.000000.
max gradient is 20.000000, min gradient is -16.402624, learning rate is 0.000500

 layer conv1:max response is 1381.220825, min response is 0.000000.
max gradient is 1.604801, min gradient is -20.000000, learning rate is 0.000500
Net2: layer convt3:max response is 0.352511, min response is -0.628460.
max gradient is 2.684508, min gradient is -4.633192, learning rate is 0.003000
Net2: layer convt2:max response is 0.156422, min response is -0.085823.
max gradient is 1.382872, min gradient is -0.191861, learning rate is 0.003000
Net2: layer convt1:max response is 0.568196, min response is -0.063845.
max gradient is 1.121188, min gradient is -1.115713, learning rate is 0.003000
max inferred z is 2.58, min inferred z is -3.00, and std is 0.98
    1.3405

 
Epoch 5 of 500, Batch 6 of 10 

 layer conv3:max response is 15502564.000000, min response is 10015834.000000.
max gradient is 20.000000, min gradient is -10.343484, learning rate is 0.000500

 layer conv2:max response is 100386.093750, min response is 0.000000.
max gradient is 19.999998, min gradient is -8.650057, learning rate is 0.000500

 layer conv1:max response is 1155.636353, min response is 0.000000.
max gradient is 11.791447, min gradient is -20.000000, learning rate is 0.000500
Net2: layer convt3:max response is 0.473109, min response is -0.623973.
max gradient is 3.949690, min gradient is -8.000000, learning rate is 0.003000
Net2: layer convt2:max response is 0.197950, min response is -0.119378.
max gradient is 0.306614, min gradient is -3.226583, learning rate is 0.003000
Net2: layer convt1:max response is 0.617468, min response is -0.073961.
max gradient is 5.366309, min gradient is -4.463836, learning rate is 0.003000
max inferred z is 3.52, min inferred z is -2.64, and std is 0.99
    1.3414

 
Epoch 5 of 500, Batch 7 of 10 

 layer conv3:max response is 16090568.000000, min response is 10189141.000000.
max gradient is 20.000000, min gradient is -19.426758, learning rate is 0.000500

 layer conv2:max response is 98262.929688, min response is 0.000000.
max gradient is 20.000000, min gradient is -16.202276, learning rate is 0.000500

 layer conv1:max response is 1309.653564, min response is 0.000000.
max gradient is 19.999998, min gradient is -13.619457, learning rate is 0.000500
Net2: layer convt3:max response is 0.395018, min response is -0.583539.
max gradient is 7.505328, min gradient is -0.867815, learning rate is 0.003000
Net2: layer convt2:max response is 0.135246, min response is -0.124952.
max gradient is 0.356356, min gradient is -1.302772, learning rate is 0.003000
Net2: layer convt1:max response is 0.639154, min response is -0.067466.
max gradient is 4.259331, min gradient is -1.723315, learning rate is 0.003000
max inferred z is 3.48, min inferred z is -2.92, and std is 0.97
    1.3409

 
Epoch 5 of 500, Batch 8 of 10 

 layer conv3:max response is 16555584.000000, min response is 10933222.000000.
max gradient is 20.000000, min gradient is -6.762594, learning rate is 0.000500

 layer conv2:max response is 121640.390625, min response is 0.000000.
max gradient is 20.000000, min gradient is -17.256224, learning rate is 0.000500

 layer conv1:max response is 1414.717285, min response is 0.000000.
max gradient is 20.000000, min gradient is -0.917122, learning rate is 0.000500
Net2: layer convt3:max response is 0.264340, min response is -0.570618.
max gradient is 8.000000, min gradient is -0.161988, learning rate is 0.003000
Net2: layer convt2:max response is 0.037320, min response is -0.154491.
max gradient is 0.753746, min gradient is -1.776087, learning rate is 0.003000
Net2: layer convt1:max response is 0.614585, min response is -0.073102.
max gradient is 3.871461, min gradient is -2.625953, learning rate is 0.003000
max inferred z is 2.96, min inferred z is -2.78, and std is 1.01
    1.3418

 
Epoch 5 of 500, Batch 9 of 10 

 layer conv3:max response is 19559426.000000, min response is 10865794.000000.
max gradient is 20.000000, min gradient is -0.255647, learning rate is 0.000500

 layer conv2:max response is 102504.234375, min response is 0.000000.
max gradient is 20.000000, min gradient is -11.291820, learning rate is 0.000500

 layer conv1:max response is 1462.469116, min response is 0.000000.
max gradient is 20.000000, min gradient is -2.473169, learning rate is 0.000500
Net2: layer convt3:max response is 0.176838, min response is -0.635731.
max gradient is 4.336199, min gradient is -8.000000, learning rate is 0.003000
Net2: layer convt2:max response is 0.052332, min response is -0.195576.
max gradient is 3.875169, min gradient is -0.639992, learning rate is 0.003000
Net2: layer convt1:max response is 0.657061, min response is -0.077924.
max gradient is 3.993863, min gradient is -2.692306, learning rate is 0.003000
max inferred z is 2.53, min inferred z is -3.00, and std is 1.01
    1.3421

 
Epoch 5 of 500, Batch 10 of 10 

 layer conv3:max response is 21679056.000000, min response is 13260929.000000.
max gradient is 20.000000, min gradient is -11.713305, learning rate is 0.000500

 layer conv2:max response is 130816.000000, min response is 0.000000.
max gradient is 20.000000, min gradient is -8.123547, learning rate is 0.000500

 layer conv1:max response is 1353.767456, min response is 0.000000.
max gradient is 13.195458, min gradient is -20.000000, learning rate is 0.000500
Net2: layer convt3:max response is 0.185432, min response is -0.667054.
max gradient is 0.509646, min gradient is -8.000000, learning rate is 0.003000
Net2: layer convt2:max response is 0.051802, min response is -0.195604.
max gradient is 8.000000, min gradient is -2.578447, learning rate is 0.003000
Net2: layer convt1:max response is 0.788704, min response is -0.077196.
max gradient is 8.000000, min gradient is -7.537016, learning rate is 0.003000
max inferred z is 3.39, min inferred z is -3.12, and std is 1.00
    1.3220

 
 13.40 s (2.4 data/s)
Loss: 0.13017
Training: epoch 06
Epoch 6 of 500, Batch 1 of 10 

 layer conv3:max response is 23934856.000000, min response is 12791640.000000.
max gradient is 0.076744, min gradient is -20.000000, learning rate is 0.000500

 layer conv2:max response is 138670.390625, min response is 0.000000.
max gradient is 7.680665, min gradient is -20.000000, learning rate is 0.000500

 layer conv1:max response is 1406.259521, min response is 0.000000.
max gradient is 1.199739, min gradient is -19.999998, learning rate is 0.000500
Net2: layer convt3:max response is 0.247908, min response is -0.629420.
max gradient is 0.682162, min gradient is -8.000000, learning rate is 0.003000
Net2: layer convt2:max response is 0.050034, min response is -0.137222.
max gradient is 4.388285, min gradient is -1.036421, learning rate is 0.003000
Net2: layer convt1:max response is 0.655523, min response is -0.054807.
max gradient is 3.010379, min gradient is -3.975979, learning rate is 0.003000
max inferred z is 2.76, min inferred z is -2.53, and std is 0.96
    1.3422

 
Epoch 6 of 500, Batch 2 of 10 

 layer conv3:max response is 22254678.000000, min response is 12499245.000000.
max gradient is 2.923660, min gradient is -20.000000, learning rate is 0.000500

 layer conv2:max response is 127100.890625, min response is 0.000000.
max gradient is 9.608084, min gradient is -20.000000, learning rate is 0.000500

 layer conv1:max response is 1359.466431, min response is 0.000000.
max gradient is 1.619695, min gradient is -20.000000, learning rate is 0.000500
Net2: layer convt3:max response is 0.368936, min response is -0.607409.
max gradient is 3.003648, min gradient is -5.253793, learning rate is 0.003000
Net2: layer convt2:max response is 0.096193, min response is -0.103228.
max gradient is 2.320837, min gradient is -1.438946, learning rate is 0.003000
Net2: layer convt1:max response is 0.548588, min response is -0.078038.
max gradient is 1.170923, min gradient is -0.678925, learning rate is 0.003000
max inferred z is 2.98, min inferred z is -2.79, and std is 0.98
    1.3415

 
Epoch 6 of 500, Batch 3 of 10 

 layer conv3:max response is 22066116.000000, min response is 13259006.000000.
max gradient is 20.000000, min gradient is -8.977205, learning rate is 0.000500

 layer conv2:max response is 116425.367188, min response is 0.000000.
max gradient is 19.999998, min gradient is -11.588088, learning rate is 0.000500

 layer conv1:max response is 1560.127075, min response is 0.000000.
max gradient is 6.670797, min gradient is -20.000000, learning rate is 0.000500
Net2: layer convt3:max response is 0.447303, min response is -0.572182.
max gradient is 6.136550, min gradient is -8.000000, learning rate is 0.003000
Net2: layer convt2:max response is 0.247492, min response is -0.125458.
max gradient is 5.417848, min gradient is -5.453946, learning rate is 0.003000
Net2: layer convt1:max response is 0.595365, min response is -0.076231.
max gradient is 5.514235, min gradient is -6.086773, learning rate is 0.003000
max inferred z is 2.95, min inferred z is -2.67, and std is 0.94
    1.3427

 
Epoch 6 of 500, Batch 4 of 10 

 layer conv3:max response is 18998146.000000, min response is 12581361.000000.
max gradient is 14.971074, min gradient is -20.000000, learning rate is 0.000500

 layer conv2:max response is 111785.976562, min response is 0.000000.
max gradient is 19.999998, min gradient is -13.803215, learning rate is 0.000500

 layer conv1:max response is 1417.989136, min response is 0.000000.
max gradient is 20.000000, min gradient is -3.802527, learning rate is 0.000500
Net2: layer convt3:max response is 0.449242, min response is -0.591165.
max gradient is 2.279922, min gradient is -8.000000, learning rate is 0.003000
Net2: layer convt2:max response is 0.262650, min response is -0.102754.
max gradient is 8.000000, min gradient is -0.589063, learning rate is 0.003000
Net2: layer convt1:max response is 0.617298, min response is -0.087879.
max gradient is 6.307247, min gradient is -4.379270, learning rate is 0.003000
max inferred z is 2.68, min inferred z is -3.55, and std is 1.02
    1.3415

 
Epoch 6 of 500, Batch 5 of 10 

 layer conv3:max response is 19967548.000000, min response is 14384595.000000.
max gradient is 19.999998, min gradient is -4.231848, learning rate is 0.000500

 layer conv2:max response is 104974.734375, min response is 0.000000.
max gradient is 20.000000, min gradient is -18.655123, learning rate is 0.000500

 layer conv1:max response is 1273.111084, min response is 0.000000.
max gradient is 20.000000, min gradient is -1.685227, learning rate is 0.000500
Net2: layer convt3:max response is 0.388220, min response is -0.631087.
max gradient is 3.545409, min gradient is -8.000000, learning rate is 0.003000
Net2: layer convt2:max response is 0.441462, min response is -0.069358.
max gradient is 2.780210, min gradient is -5.764766, learning rate is 0.003000
Net2: layer convt1:max response is 0.509328, min response is -0.059174.
max gradient is 3.570165, min gradient is -4.900027, learning rate is 0.003000
max inferred z is 2.81, min inferred z is -3.37, and std is 1.05
    1.3415

 
Epoch 6 of 500, Batch 6 of 10 

 layer conv3:max response is 21925720.000000, min response is 13873364.000000.
max gradient is 20.000000, min gradient is -3.425756, learning rate is 0.000500

 layer conv2:max response is 116996.445312, min response is 0.000000.
max gradient is 20.000000, min gradient is -7.957360, learning rate is 0.000500

 layer conv1:max response is 1299.467529, min response is 0.000000.
max gradient is 20.000000, min gradient is -16.770454, learning rate is 0.000500
Net2: layer convt3:max response is 0.279836, min response is -0.657603.
max gradient is 8.000000, min gradient is -2.150223, learning rate is 0.003000
Net2: layer convt2:max response is 0.452407, min response is -0.038261.
max gradient is 0.350483, min gradient is -8.000000, learning rate is 0.003000
Net2: layer convt1:max response is 0.477905, min response is -0.061573.
max gradient is 7.631528, min gradient is -7.555869, learning rate is 0.003000
max inferred z is 3.21, min inferred z is -2.46, and std is 0.97
    1.3419

 
Epoch 6 of 500, Batch 7 of 10 

 layer conv3:max response is 23566530.000000, min response is 13588951.000000.
max gradient is 20.000000, min gradient is -9.552038, learning rate is 0.000500

 layer conv2:max response is 121940.898438, min response is 0.000000.
max gradient is 20.000000, min gradient is -19.465296, learning rate is 0.000500

 layer conv1:max response is 1309.264771, min response is 0.000000.
max gradient is 1.418589, min gradient is -19.999998, learning rate is 0.000500
Net2: layer convt3:max response is 0.330913, min response is -0.639658.
max gradient is 8.000000, min gradient is -1.020450, learning rate is 0.003000
Net2: layer convt2:max response is 0.386369, min response is -0.059536.
max gradient is 0.507229, min gradient is -8.000000, learning rate is 0.003000
Net2: layer convt1:max response is 0.451269, min response is -0.071876.
max gradient is 5.631275, min gradient is -6.425762, learning rate is 0.003000
max inferred z is 3.03, min inferred z is -2.78, and std is 1.01
    1.3438

 
Epoch 6 of 500, Batch 8 of 10 

 layer conv3:max response is 21845822.000000, min response is 14405640.000000.
max gradient is 20.000000, min gradient is -0.274557, learning rate is 0.000500

 layer conv2:max response is 120300.093750, min response is 0.000000.
max gradient is 18.968170, min gradient is -20.000000, learning rate is 0.000500

 layer conv1:max response is 1339.663452, min response is 0.000000.
max gradient is 1.552571, min gradient is -20.000000, learning rate is 0.000500
Net2: layer convt3:max response is 0.507168, min response is -0.577487.
max gradient is 8.000000, min gradient is -1.321949, learning rate is 0.003000
Net2: layer convt2:max response is 0.119070, min response is -0.102377.
max gradient is 2.717296, min gradient is -0.205701, learning rate is 0.003000
Net2: layer convt1:max response is 0.568914, min response is -0.066449.
max gradient is 1.180052, min gradient is -2.365203, learning rate is 0.003000
max inferred z is 2.86, min inferred z is -3.21, and std is 0.98
    1.3419

 
Epoch 6 of 500, Batch 9 of 10 

 layer conv3:max response is 22541556.000000, min response is 15863682.000000.
max gradient is 18.823784, min gradient is -20.000000, learning rate is 0.000500

 layer conv2:max response is 142284.312500, min response is 0.000000.
max gradient is 17.889439, min gradient is -20.000000, learning rate is 0.000500

 layer conv1:max response is 1306.811890, min response is 0.000000.
max gradient is 20.000000, min gradient is -2.226801, learning rate is 0.000500
Net2: layer convt3:max response is 0.441260, min response is -0.577962.
max gradient is 8.000000, min gradient is -0.863313, learning rate is 0.003000
Net2: layer convt2:max response is 0.140814, min response is -0.097901.
max gradient is 7.202273, min gradient is -0.504298, learning rate is 0.003000
Net2: layer convt1:max response is 0.588798, min response is -0.051234.
max gradient is 4.190891, min gradient is -3.506632, learning rate is 0.003000
max inferred z is 4.22, min inferred z is -2.46, and std is 0.97
    1.3422

 
Epoch 6 of 500, Batch 10 of 10 

 layer conv3:max response is 23575008.000000, min response is 15549819.000000.
max gradient is 14.661240, min gradient is -20.000000, learning rate is 0.000500

 layer conv2:max response is 114434.375000, min response is 0.000000.
max gradient is 20.000000, min gradient is -16.607050, learning rate is 0.000500

 layer conv1:max response is 1368.364380, min response is 0.000000.
max gradient is 20.000000, min gradient is -5.874800, learning rate is 0.000500
Net2: layer convt3:max response is 0.359970, min response is -0.586269.
max gradient is 2.429116, min gradient is -8.000000, learning rate is 0.003000
Net2: layer convt2:max response is 0.380809, min response is -0.120285.
max gradient is 8.000000, min gradient is -1.247083, learning rate is 0.003000
Net2: layer convt1:max response is 0.658551, min response is -0.064011.
max gradient is 5.387316, min gradient is -8.000000, learning rate is 0.003000
max inferred z is 3.96, min inferred z is -2.49, and std is 0.96
    1.3222

 
 13.41 s (2.4 data/s)
Loss: 0.19361
Training: epoch 07
Epoch 7 of 500, Batch 1 of 10 

 layer conv3:max response is 23205884.000000, min response is 15658542.000000.
max gradient is 20.000000, min gradient is -9.204977, learning rate is 0.000500

 layer conv2:max response is 121216.632812, min response is 0.000000.
max gradient is 20.000000, min gradient is -18.341967, learning rate is 0.000500

 layer conv1:max response is 1299.681641, min response is 0.000000.
max gradient is 20.000000, min gradient is -8.920292, learning rate is 0.000500
Net2: layer convt3:max response is 0.224804, min response is -0.707161.
max gradient is 8.000000, min gradient is -2.929927, learning rate is 0.003000
Net2: layer convt2:max response is 0.803001, min response is -0.117266.
max gradient is 2.027339, min gradient is -8.000000, learning rate is 0.003000
Net2: layer convt1:max response is 0.694939, min response is -0.079307.
max gradient is 8.000000, min gradient is -6.355515, learning rate is 0.003000
max inferred z is 3.97, min inferred z is -4.64, and std is 1.04
    1.3424

 
Epoch 7 of 500, Batch 2 of 10 

 layer conv3:max response is 27313630.000000, min response is 15553890.000000.
max gradient is 18.075592, min gradient is -20.000000, learning rate is 0.000500

 layer conv2:max response is 139991.312500, min response is 0.000000.
max gradient is 18.381035, min gradient is -20.000000, learning rate is 0.000500

 layer conv1:max response is 1319.763428, min response is 0.000000.
max gradient is 1.809516, min gradient is -19.999998, learning rate is 0.000500
Net2: layer convt3:max response is 0.377488, min response is -0.626750.
max gradient is 8.000000, min gradient is -0.748056, learning rate is 0.003000
Net2: layer convt2:max response is 0.692464, min response is -0.099142.
max gradient is 4.397233, min gradient is -8.000000, learning rate is 0.003000
Net2: layer convt1:max response is 0.523762, min response is -0.055261.
max gradient is 6.509957, min gradient is -8.000000, learning rate is 0.003000
max inferred z is 2.94, min inferred z is -3.52, and std is 0.98
    1.3440

 
Epoch 7 of 500, Batch 3 of 10 

 layer conv3:max response is 26236010.000000, min response is 16162387.000000.
max gradient is 10.203650, min gradient is -20.000000, learning rate is 0.000500

 layer conv2:max response is 131295.781250, min response is 0.000000.
max gradient is 15.429312, min gradient is -20.000000, learning rate is 0.000500

 layer conv1:max response is 1304.424561, min response is 0.000000.
max gradient is 0.535237, min gradient is -19.999998, learning rate is 0.000500
Net2: layer convt3:max response is 0.593202, min response is -0.665303.
max gradient is 6.439589, min gradient is -8.000000, learning rate is 0.003000
Net2: layer convt2:max response is 0.663567, min response is -0.053691.
max gradient is 1.063405, min gradient is -3.943090, learning rate is 0.003000
Net2: layer convt1:max response is 0.532128, min response is -0.069643.
max gradient is 7.207669, min gradient is -6.576511, learning rate is 0.003000
max inferred z is 3.45, min inferred z is -2.87, and std is 0.95
    1.3427

 
Epoch 7 of 500, Batch 4 of 10 

 layer conv3:max response is 24658876.000000, min response is 17207322.000000.
max gradient is 19.999998, min gradient is -4.880175, learning rate is 0.000500

 layer conv2:max response is 120637.421875, min response is 0.000000.
max gradient is 19.999998, min gradient is -7.391533, learning rate is 0.000500

 layer conv1:max response is 1395.284058, min response is 0.000000.
max gradient is 17.877638, min gradient is -20.000000, learning rate is 0.000500
Net2: layer convt3:max response is 0.494824, min response is -0.598228.
max gradient is 0.496452, min gradient is -8.000000, learning rate is 0.003000
Net2: layer convt2:max response is 0.559037, min response is -0.064229.
max gradient is 0.869926, min gradient is -4.354400, learning rate is 0.003000
Net2: layer convt1:max response is 0.504059, min response is -0.067645.
max gradient is 5.429177, min gradient is -8.000000, learning rate is 0.003000
max inferred z is 3.53, min inferred z is -2.77, and std is 1.01
    1.3422

 
Epoch 7 of 500, Batch 5 of 10 

 layer conv3:max response is 28320658.000000, min response is 17559096.000000.
max gradient is 14.790852, min gradient is -20.000000, learning rate is 0.000500

 layer conv2:max response is 166138.937500, min response is 0.000000.
max gradient is 20.000000, min gradient is -19.371307, learning rate is 0.000500

 layer conv1:max response is 1339.052002, min response is 0.000000.
max gradient is 19.999998, min gradient is -0.769971, learning rate is 0.000500
Net2: layer convt3:max response is 0.298972, min response is -0.559494.
max gradient is 1.983494, min gradient is -8.000000, learning rate is 0.003000
Net2: layer convt2:max response is 0.369386, min response is -0.130589.
max gradient is 1.310237, min gradient is -3.185003, learning rate is 0.003000
Net2: layer convt1:max response is 0.609327, min response is -0.058924.
max gradient is 2.211813, min gradient is -2.412235, learning rate is 0.003000
max inferred z is 2.74, min inferred z is -3.02, and std is 0.98
    1.3413

 
Epoch 7 of 500, Batch 6 of 10 

 layer conv3:max response is 25232462.000000, min response is 17083072.000000.
max gradient is 18.474230, min gradient is -20.000000, learning rate is 0.000500

 layer conv2:max response is 144123.750000, min response is 0.000000.
max gradient is 19.399015, min gradient is -20.000000, learning rate is 0.000500

 layer conv1:max response is 1411.476440, min response is 0.000000.
max gradient is 20.000000, min gradient is -2.224153, learning rate is 0.000500
Net2: layer convt3:max response is 0.213608, min response is -0.569710.
max gradient is 6.193981, min gradient is -8.000000, learning rate is 0.003000
Net2: layer convt2:max response is 0.412590, min response is -0.190972.
max gradient is 2.568385, min gradient is -1.196564, learning rate is 0.003000
Net2: layer convt1:max response is 0.722280, min response is -0.062359.
max gradient is 0.546207, min gradient is -1.133060, learning rate is 0.003000
max inferred z is 3.45, min inferred z is -2.37, and std is 0.98
    1.3421

 
Epoch 7 of 500, Batch 7 of 10 

 layer conv3:max response is 28540606.000000, min response is 17168642.000000.
max gradient is 20.000000, min gradient is -13.633526, learning rate is 0.000500

 layer conv2:max response is 133094.203125, min response is 0.000000.
max gradient is 20.000000, min gradient is -9.943758, learning rate is 0.000500

 layer conv1:max response is 1455.356445, min response is 0.000000.
max gradient is 13.284255, min gradient is -20.000000, learning rate is 0.000500
Net2: layer convt3:max response is 0.121693, min response is -0.647227.
max gradient is 4.919013, min gradient is -8.000000, learning rate is 0.003000
Net2: layer convt2:max response is 0.467600, min response is -0.218527.
max gradient is 2.265581, min gradient is -8.000000, learning rate is 0.003000
Net2: layer convt1:max response is 0.704011, min response is -0.048569.
max gradient is 3.290550, min gradient is -3.741761, learning rate is 0.003000
max inferred z is 3.53, min inferred z is -2.67, and std is 1.04
    1.3428

 
Epoch 7 of 500, Batch 8 of 10 

 layer conv3:max response is 31972624.000000, min response is 17846584.000000.
max gradient is 17.353109, min gradient is -20.000000, learning rate is 0.000500

 layer conv2:max response is 147170.859375, min response is 0.000000.
max gradient is 15.760612, min gradient is -20.000000, learning rate is 0.000500

 layer conv1:max response is 1585.654541, min response is 0.000000.
max gradient is 2.756964, min gradient is -20.000000, learning rate is 0.000500
Net2: layer convt3:max response is 0.136186, min response is -0.637719.
max gradient is 2.629242, min gradient is -8.000000, learning rate is 0.003000
Net2: layer convt2:max response is 0.323663, min response is -0.176543.
max gradient is 2.564846, min gradient is -7.879177, learning rate is 0.003000
Net2: layer convt1:max response is 0.771547, min response is -0.063090.
max gradient is 1.077262, min gradient is -1.002347, learning rate is 0.003000
max inferred z is 3.34, min inferred z is -2.37, and std is 1.00
    1.3417

 
Epoch 7 of 500, Batch 9 of 10 

 layer conv3:max response is 27212364.000000, min response is 18282516.000000.
max gradient is 14.866895, min gradient is -20.000002, learning rate is 0.000500

 layer conv2:max response is 140806.031250, min response is 0.000000.
max gradient is 17.027266, min gradient is -20.000000, learning rate is 0.000500

 layer conv1:max response is 1283.872070, min response is 0.000000.
max gradient is 14.065197, min gradient is -20.000000, learning rate is 0.000500
Net2: layer convt3:max response is 0.329046, min response is -0.597848.
max gradient is 1.574516, min gradient is -4.993112, learning rate is 0.003000
Net2: layer convt2:max response is 0.281116, min response is -0.161119.
max gradient is 0.272354, min gradient is -1.873347, learning rate is 0.003000
Net2: layer convt1:max response is 0.759247, min response is -0.056678.
max gradient is 1.432393, min gradient is -1.169624, learning rate is 0.003000
max inferred z is 2.82, min inferred z is -3.08, and std is 1.03
    1.3429

 
Epoch 7 of 500, Batch 10 of 10 

 layer conv3:max response is 28352248.000000, min response is 18859156.000000.
max gradient is 19.999998, min gradient is -12.417950, learning rate is 0.000500

 layer conv2:max response is 132548.312500, min response is 0.000000.
max gradient is 20.000000, min gradient is -14.834280, learning rate is 0.000500

 layer conv1:max response is 1414.014771, min response is 0.000000.
max gradient is 19.999998, min gradient is -17.433485, learning rate is 0.000500
Net2: layer convt3:max response is 0.447995, min response is -0.560468.
max gradient is 8.000000, min gradient is -3.546597, learning rate is 0.003000
Net2: layer convt2:max response is 0.270163, min response is -0.195858.
max gradient is 8.000000, min gradient is -7.750302, learning rate is 0.003000
Net2: layer convt1:max response is 0.755844, min response is -0.069899.
max gradient is 5.212154, min gradient is -8.000000, learning rate is 0.003000
max inferred z is 2.88, min inferred z is -2.97, and std is 0.99
    1.3236

 
 13.41 s (2.4 data/s)
Loss: 0.14826
Training: epoch 08
Epoch 8 of 500, Batch 1 of 10 

 layer conv3:max response is 27610572.000000, min response is 20239778.000000.
max gradient is 9.991828, min gradient is -20.000000, learning rate is 0.000500

 layer conv2:max response is 157156.718750, min response is 0.000000.
max gradient is 19.353893, min gradient is -20.000000, learning rate is 0.000500

 layer conv1:max response is 1466.050659, min response is 0.000000.
max gradient is 20.000000, min gradient is -3.495839, learning rate is 0.000500
Net2: layer convt3:max response is 0.331079, min response is -0.558252.
max gradient is 8.000000, min gradient is -1.047976, learning rate is 0.003000
Net2: layer convt2:max response is 0.209556, min response is -0.133905.
max gradient is 5.196430, min gradient is -1.078154, learning rate is 0.003000
Net2: layer convt1:max response is 0.812598, min response is -0.054437.
max gradient is 1.369191, min gradient is -1.948281, learning rate is 0.003000
max inferred z is 3.19, min inferred z is -3.05, and std is 0.98
    1.3427

 
Epoch 8 of 500, Batch 2 of 10 
